<?xml version="1.0" encoding="UTF-8"?>
<testsuite name="com.teameanrique.demo.DemoApplicationTests" tests="1" skipped="0" failures="0" errors="0" timestamp="2023-09-09T17:44:31" hostname="DESKTOP-FHORK3G" time="0.466">
  <properties/>
  <testcase name="contextLoads()" classname="com.teameanrique.demo.DemoApplicationTests" time="0.466"/>
  <system-out><![CDATA[12:44:28.814 [Test worker] INFO org.springframework.test.context.support.AnnotationConfigContextLoaderUtils -- Could not detect default configuration classes for test class [com.teameanrique.demo.DemoApplicationTests]: DemoApplicationTests does not declare any static, non-private, non-final, nested classes annotated with @Configuration.
12:44:28.890 [Test worker] INFO org.springframework.boot.test.context.SpringBootTestContextBootstrapper -- Found @SpringBootConfiguration com.teameanrique.demo.DemoApplication for test class com.teameanrique.demo.DemoApplicationTests

  .   ____          _            __ _ _
 /\\ / ___'_ __ _ _(_)_ __  __ _ \ \ \ \
( ( )\___ | '_ | '_| | '_ \/ _` | \ \ \ \
 \\/  ___)| |_)| | | | | || (_| |  ) ) ) )
  '  |____| .__|_| |_|_| |_\__, | / / / /
 =========|_|==============|___/=/_/_/_/
 :: Spring Boot ::                (v3.1.3)

2023-09-09T12:44:29.221-05:00  INFO 25192 --- [    Test worker] c.t.demo.DemoApplicationTests            : Starting DemoApplicationTests using Java 17.0.7 with PID 25192 (started by Ken in C:\Users\Ken\WCCI\SaturdayTeamProject\Saturday-Team-Enrique\demo)
2023-09-09T12:44:29.223-05:00  INFO 25192 --- [    Test worker] c.t.demo.DemoApplicationTests            : No active profile set, falling back to 1 default profile: "default"
2023-09-09T12:44:29.684-05:00  INFO 25192 --- [    Test worker] .s.d.r.c.RepositoryConfigurationDelegate : Bootstrapping Spring Data JPA repositories in DEFAULT mode.
2023-09-09T12:44:29.703-05:00  INFO 25192 --- [    Test worker] .s.d.r.c.RepositoryConfigurationDelegate : Finished Spring Data repository scanning in 10 ms. Found 0 JPA repository interfaces.
2023-09-09T12:44:29.998-05:00  INFO 25192 --- [    Test worker] com.zaxxer.hikari.HikariDataSource       : HikariPool-1 - Starting...
2023-09-09T12:44:30.158-05:00  INFO 25192 --- [    Test worker] com.zaxxer.hikari.pool.HikariPool        : HikariPool-1 - Added connection conn0: url=jdbc:h2:mem:b5bdd29b-efce-43bc-a3f0-c1132b37808c user=SA
2023-09-09T12:44:30.160-05:00  INFO 25192 --- [    Test worker] com.zaxxer.hikari.HikariDataSource       : HikariPool-1 - Start completed.
2023-09-09T12:44:30.201-05:00  INFO 25192 --- [    Test worker] o.hibernate.jpa.internal.util.LogHelper  : HHH000204: Processing PersistenceUnitInfo [name: default]
2023-09-09T12:44:30.247-05:00  INFO 25192 --- [    Test worker] org.hibernate.Version                    : HHH000412: Hibernate ORM core version 6.2.7.Final
2023-09-09T12:44:30.250-05:00  INFO 25192 --- [    Test worker] org.hibernate.cfg.Environment            : HHH000406: Using bytecode reflection optimizer
2023-09-09T12:44:30.375-05:00  INFO 25192 --- [    Test worker] o.h.b.i.BytecodeProviderInitiator        : HHH000021: Bytecode provider name : bytebuddy
2023-09-09T12:44:30.489-05:00  INFO 25192 --- [    Test worker] o.s.o.j.p.SpringPersistenceUnitInfo      : No LoadTimeWeaver setup: ignoring JPA class transformer
2023-09-09T12:44:30.600-05:00  INFO 25192 --- [    Test worker] o.h.b.i.BytecodeProviderInitiator        : HHH000021: Bytecode provider name : bytebuddy
2023-09-09T12:44:30.780-05:00  INFO 25192 --- [    Test worker] o.h.e.t.j.p.i.JtaPlatformInitiator       : HHH000490: Using JtaPlatform implementation: [org.hibernate.engine.transaction.jta.platform.internal.NoJtaPlatform]
2023-09-09T12:44:30.785-05:00  INFO 25192 --- [    Test worker] j.LocalContainerEntityManagerFactoryBean : Initialized JPA EntityManagerFactory for persistence unit 'default'
2023-09-09T12:44:30.902-05:00  WARN 25192 --- [    Test worker] JpaBaseConfiguration$JpaWebConfiguration : spring.jpa.open-in-view is enabled by default. Therefore, database queries may be performed during view rendering. Explicitly configure spring.jpa.open-in-view to disable this warning
2023-09-09T12:44:31.217-05:00  INFO 25192 --- [    Test worker] c.t.demo.DemoApplicationTests            : Started DemoApplicationTests in 2.185 seconds (process running for 3.141)
]]></system-out>
  <system-err><![CDATA[]]></system-err>
</testsuite>
